<?xml version="1.0" encoding="utf-8"?><testsuites><testsuite name="pytest" errors="0" failures="53" skipped="1" tests="301" time="40.180" timestamp="2025-07-31T19:57:45.708459" hostname="MacBook-Air-Ostap.local"><testcase classname="unit.backend.test_analytics_api.TestAnalyticsAPI" name="test_root_endpoint" time="0.122"><failure message="AssertionError: assert 'AI Service' == 'Analytics Service'&#10;  - Analytics Service&#10;  + AI Service">tests/unit/backend/test_analytics_api.py:32: in test_root_endpoint
    assert data["service"] == "Analytics Service"
E   AssertionError: assert 'AI Service' == 'Analytics Service'
E     - Analytics Service
E     + AI Service</failure></testcase><testcase classname="unit.backend.test_analytics_api.TestAnalyticsAPI" name="test_health_check" time="0.004"><failure message="AssertionError: assert 'ai-service' == 'analytics-service'&#10;  - analytics-service&#10;  + ai-service">tests/unit/backend/test_analytics_api.py:44: in test_health_check
    assert data["service"] == "analytics-service"
E   AssertionError: assert 'ai-service' == 'analytics-service'
E     - analytics-service
E     + ai-service</failure></testcase><testcase classname="unit.backend.test_analytics_api.TestAnalyticsAPI" name="test_get_dashboard_data" time="0.002"><failure message="AttributeError: &lt;module 'main' from '/Users/ostapletnyanchyk/Dsick (D)/_localhost/upwork/tests/../app/backend/services/ai-service/src/main.py'&gt; does not have the attribute 'analytics_engine'">/Library/Developer/CommandLineTools/Library/Frameworks/Python3.framework/Versions/3.9/lib/python3.9/unittest/mock.py:1334: in patched
    with self.decoration_helper(patched,
/Library/Developer/CommandLineTools/Library/Frameworks/Python3.framework/Versions/3.9/lib/python3.9/contextlib.py:117: in __enter__
    return next(self.gen)
/Library/Developer/CommandLineTools/Library/Frameworks/Python3.framework/Versions/3.9/lib/python3.9/unittest/mock.py:1316: in decoration_helper
    arg = exit_stack.enter_context(patching)
/Library/Developer/CommandLineTools/Library/Frameworks/Python3.framework/Versions/3.9/lib/python3.9/contextlib.py:429: in enter_context
    result = _cm_type.__enter__(cm)
/Library/Developer/CommandLineTools/Library/Frameworks/Python3.framework/Versions/3.9/lib/python3.9/unittest/mock.py:1405: in __enter__
    original, local = self.get_original()
/Library/Developer/CommandLineTools/Library/Frameworks/Python3.framework/Versions/3.9/lib/python3.9/unittest/mock.py:1378: in get_original
    raise AttributeError(
E   AttributeError: &lt;module 'main' from '/Users/ostapletnyanchyk/Dsick (D)/_localhost/upwork/tests/../app/backend/services/ai-service/src/main.py'&gt; does not have the attribute 'analytics_engine'</failure></testcase><testcase classname="unit.backend.test_analytics_api.TestAnalyticsAPI" name="test_get_earnings_analytics" time="0.002"><failure message="AttributeError: &lt;module 'main' from '/Users/ostapletnyanchyk/Dsick (D)/_localhost/upwork/tests/../app/backend/services/ai-service/src/main.py'&gt; does not have the attribute 'analytics_engine'">/Library/Developer/CommandLineTools/Library/Frameworks/Python3.framework/Versions/3.9/lib/python3.9/unittest/mock.py:1334: in patched
    with self.decoration_helper(patched,
/Library/Developer/CommandLineTools/Library/Frameworks/Python3.framework/Versions/3.9/lib/python3.9/contextlib.py:117: in __enter__
    return next(self.gen)
/Library/Developer/CommandLineTools/Library/Frameworks/Python3.framework/Versions/3.9/lib/python3.9/unittest/mock.py:1316: in decoration_helper
    arg = exit_stack.enter_context(patching)
/Library/Developer/CommandLineTools/Library/Frameworks/Python3.framework/Versions/3.9/lib/python3.9/contextlib.py:429: in enter_context
    result = _cm_type.__enter__(cm)
/Library/Developer/CommandLineTools/Library/Frameworks/Python3.framework/Versions/3.9/lib/python3.9/unittest/mock.py:1405: in __enter__
    original, local = self.get_original()
/Library/Developer/CommandLineTools/Library/Frameworks/Python3.framework/Versions/3.9/lib/python3.9/unittest/mock.py:1378: in get_original
    raise AttributeError(
E   AttributeError: &lt;module 'main' from '/Users/ostapletnyanchyk/Dsick (D)/_localhost/upwork/tests/../app/backend/services/ai-service/src/main.py'&gt; does not have the attribute 'analytics_engine'</failure></testcase><testcase classname="unit.backend.test_analytics_api.TestAnalyticsAPI" name="test_get_proposals_analytics" time="0.002"><failure message="AttributeError: &lt;module 'main' from '/Users/ostapletnyanchyk/Dsick (D)/_localhost/upwork/tests/../app/backend/services/ai-service/src/main.py'&gt; does not have the attribute 'analytics_engine'">/Library/Developer/CommandLineTools/Library/Frameworks/Python3.framework/Versions/3.9/lib/python3.9/unittest/mock.py:1334: in patched
    with self.decoration_helper(patched,
/Library/Developer/CommandLineTools/Library/Frameworks/Python3.framework/Versions/3.9/lib/python3.9/contextlib.py:117: in __enter__
    return next(self.gen)
/Library/Developer/CommandLineTools/Library/Frameworks/Python3.framework/Versions/3.9/lib/python3.9/unittest/mock.py:1316: in decoration_helper
    arg = exit_stack.enter_context(patching)
/Library/Developer/CommandLineTools/Library/Frameworks/Python3.framework/Versions/3.9/lib/python3.9/contextlib.py:429: in enter_context
    result = _cm_type.__enter__(cm)
/Library/Developer/CommandLineTools/Library/Frameworks/Python3.framework/Versions/3.9/lib/python3.9/unittest/mock.py:1405: in __enter__
    original, local = self.get_original()
/Library/Developer/CommandLineTools/Library/Frameworks/Python3.framework/Versions/3.9/lib/python3.9/unittest/mock.py:1378: in get_original
    raise AttributeError(
E   AttributeError: &lt;module 'main' from '/Users/ostapletnyanchyk/Dsick (D)/_localhost/upwork/tests/../app/backend/services/ai-service/src/main.py'&gt; does not have the attribute 'analytics_engine'</failure></testcase><testcase classname="unit.backend.test_analytics_api.TestAnalyticsAPI" name="test_get_jobs_analytics" time="0.002"><failure message="AttributeError: &lt;module 'main' from '/Users/ostapletnyanchyk/Dsick (D)/_localhost/upwork/tests/../app/backend/services/ai-service/src/main.py'&gt; does not have the attribute 'analytics_engine'">/Library/Developer/CommandLineTools/Library/Frameworks/Python3.framework/Versions/3.9/lib/python3.9/unittest/mock.py:1334: in patched
    with self.decoration_helper(patched,
/Library/Developer/CommandLineTools/Library/Frameworks/Python3.framework/Versions/3.9/lib/python3.9/contextlib.py:117: in __enter__
    return next(self.gen)
/Library/Developer/CommandLineTools/Library/Frameworks/Python3.framework/Versions/3.9/lib/python3.9/unittest/mock.py:1316: in decoration_helper
    arg = exit_stack.enter_context(patching)
/Library/Developer/CommandLineTools/Library/Frameworks/Python3.framework/Versions/3.9/lib/python3.9/contextlib.py:429: in enter_context
    result = _cm_type.__enter__(cm)
/Library/Developer/CommandLineTools/Library/Frameworks/Python3.framework/Versions/3.9/lib/python3.9/unittest/mock.py:1405: in __enter__
    original, local = self.get_original()
/Library/Developer/CommandLineTools/Library/Frameworks/Python3.framework/Versions/3.9/lib/python3.9/unittest/mock.py:1378: in get_original
    raise AttributeError(
E   AttributeError: &lt;module 'main' from '/Users/ostapletnyanchyk/Dsick (D)/_localhost/upwork/tests/../app/backend/services/ai-service/src/main.py'&gt; does not have the attribute 'analytics_engine'</failure></testcase><testcase classname="unit.backend.test_analytics_api.TestAnalyticsAPI" name="test_get_categories_analytics" time="0.002"><failure message="AttributeError: &lt;module 'main' from '/Users/ostapletnyanchyk/Dsick (D)/_localhost/upwork/tests/../app/backend/services/ai-service/src/main.py'&gt; does not have the attribute 'analytics_engine'">/Library/Developer/CommandLineTools/Library/Frameworks/Python3.framework/Versions/3.9/lib/python3.9/unittest/mock.py:1334: in patched
    with self.decoration_helper(patched,
/Library/Developer/CommandLineTools/Library/Frameworks/Python3.framework/Versions/3.9/lib/python3.9/contextlib.py:117: in __enter__
    return next(self.gen)
/Library/Developer/CommandLineTools/Library/Frameworks/Python3.framework/Versions/3.9/lib/python3.9/unittest/mock.py:1316: in decoration_helper
    arg = exit_stack.enter_context(patching)
/Library/Developer/CommandLineTools/Library/Frameworks/Python3.framework/Versions/3.9/lib/python3.9/contextlib.py:429: in enter_context
    result = _cm_type.__enter__(cm)
/Library/Developer/CommandLineTools/Library/Frameworks/Python3.framework/Versions/3.9/lib/python3.9/unittest/mock.py:1405: in __enter__
    original, local = self.get_original()
/Library/Developer/CommandLineTools/Library/Frameworks/Python3.framework/Versions/3.9/lib/python3.9/unittest/mock.py:1378: in get_original
    raise AttributeError(
E   AttributeError: &lt;module 'main' from '/Users/ostapletnyanchyk/Dsick (D)/_localhost/upwork/tests/../app/backend/services/ai-service/src/main.py'&gt; does not have the attribute 'analytics_engine'</failure></testcase><testcase classname="unit.backend.test_analytics_api.TestAnalyticsAPI" name="test_get_timeseries_data" time="0.002"><failure message="AttributeError: &lt;module 'main' from '/Users/ostapletnyanchyk/Dsick (D)/_localhost/upwork/tests/../app/backend/services/ai-service/src/main.py'&gt; does not have the attribute 'analytics_engine'">/Library/Developer/CommandLineTools/Library/Frameworks/Python3.framework/Versions/3.9/lib/python3.9/unittest/mock.py:1334: in patched
    with self.decoration_helper(patched,
/Library/Developer/CommandLineTools/Library/Frameworks/Python3.framework/Versions/3.9/lib/python3.9/contextlib.py:117: in __enter__
    return next(self.gen)
/Library/Developer/CommandLineTools/Library/Frameworks/Python3.framework/Versions/3.9/lib/python3.9/unittest/mock.py:1316: in decoration_helper
    arg = exit_stack.enter_context(patching)
/Library/Developer/CommandLineTools/Library/Frameworks/Python3.framework/Versions/3.9/lib/python3.9/contextlib.py:429: in enter_context
    result = _cm_type.__enter__(cm)
/Library/Developer/CommandLineTools/Library/Frameworks/Python3.framework/Versions/3.9/lib/python3.9/unittest/mock.py:1405: in __enter__
    original, local = self.get_original()
/Library/Developer/CommandLineTools/Library/Frameworks/Python3.framework/Versions/3.9/lib/python3.9/unittest/mock.py:1378: in get_original
    raise AttributeError(
E   AttributeError: &lt;module 'main' from '/Users/ostapletnyanchyk/Dsick (D)/_localhost/upwork/tests/../app/backend/services/ai-service/src/main.py'&gt; does not have the attribute 'analytics_engine'</failure></testcase><testcase classname="unit.backend.test_analytics_api.TestAnalyticsAPI" name="test_get_analytics_summary" time="0.002"><failure message="AttributeError: &lt;module 'main' from '/Users/ostapletnyanchyk/Dsick (D)/_localhost/upwork/tests/../app/backend/services/ai-service/src/main.py'&gt; does not have the attribute 'analytics_engine'">/Library/Developer/CommandLineTools/Library/Frameworks/Python3.framework/Versions/3.9/lib/python3.9/unittest/mock.py:1334: in patched
    with self.decoration_helper(patched,
/Library/Developer/CommandLineTools/Library/Frameworks/Python3.framework/Versions/3.9/lib/python3.9/contextlib.py:117: in __enter__
    return next(self.gen)
/Library/Developer/CommandLineTools/Library/Frameworks/Python3.framework/Versions/3.9/lib/python3.9/unittest/mock.py:1316: in decoration_helper
    arg = exit_stack.enter_context(patching)
/Library/Developer/CommandLineTools/Library/Frameworks/Python3.framework/Versions/3.9/lib/python3.9/contextlib.py:429: in enter_context
    result = _cm_type.__enter__(cm)
/Library/Developer/CommandLineTools/Library/Frameworks/Python3.framework/Versions/3.9/lib/python3.9/unittest/mock.py:1405: in __enter__
    original, local = self.get_original()
/Library/Developer/CommandLineTools/Library/Frameworks/Python3.framework/Versions/3.9/lib/python3.9/unittest/mock.py:1378: in get_original
    raise AttributeError(
E   AttributeError: &lt;module 'main' from '/Users/ostapletnyanchyk/Dsick (D)/_localhost/upwork/tests/../app/backend/services/ai-service/src/main.py'&gt; does not have the attribute 'analytics_engine'</failure></testcase><testcase classname="unit.backend.test_analytics_api.TestAnalyticsAPI" name="test_export_analytics_data" time="0.002"><failure message="AttributeError: &lt;module 'main' from '/Users/ostapletnyanchyk/Dsick (D)/_localhost/upwork/tests/../app/backend/services/ai-service/src/main.py'&gt; does not have the attribute 'analytics_engine'">/Library/Developer/CommandLineTools/Library/Frameworks/Python3.framework/Versions/3.9/lib/python3.9/unittest/mock.py:1334: in patched
    with self.decoration_helper(patched,
/Library/Developer/CommandLineTools/Library/Frameworks/Python3.framework/Versions/3.9/lib/python3.9/contextlib.py:117: in __enter__
    return next(self.gen)
/Library/Developer/CommandLineTools/Library/Frameworks/Python3.framework/Versions/3.9/lib/python3.9/unittest/mock.py:1316: in decoration_helper
    arg = exit_stack.enter_context(patching)
/Library/Developer/CommandLineTools/Library/Frameworks/Python3.framework/Versions/3.9/lib/python3.9/contextlib.py:429: in enter_context
    result = _cm_type.__enter__(cm)
/Library/Developer/CommandLineTools/Library/Frameworks/Python3.framework/Versions/3.9/lib/python3.9/unittest/mock.py:1405: in __enter__
    original, local = self.get_original()
/Library/Developer/CommandLineTools/Library/Frameworks/Python3.framework/Versions/3.9/lib/python3.9/unittest/mock.py:1378: in get_original
    raise AttributeError(
E   AttributeError: &lt;module 'main' from '/Users/ostapletnyanchyk/Dsick (D)/_localhost/upwork/tests/../app/backend/services/ai-service/src/main.py'&gt; does not have the attribute 'analytics_engine'</failure></testcase><testcase classname="unit.backend.test_analytics_api.TestAnalyticsAPI" name="test_generate_mock_data" time="0.002"><failure message="AttributeError: &lt;module 'main' from '/Users/ostapletnyanchyk/Dsick (D)/_localhost/upwork/tests/../app/backend/services/ai-service/src/main.py'&gt; does not have the attribute 'mock_data_generator'">/Library/Developer/CommandLineTools/Library/Frameworks/Python3.framework/Versions/3.9/lib/python3.9/unittest/mock.py:1334: in patched
    with self.decoration_helper(patched,
/Library/Developer/CommandLineTools/Library/Frameworks/Python3.framework/Versions/3.9/lib/python3.9/contextlib.py:117: in __enter__
    return next(self.gen)
/Library/Developer/CommandLineTools/Library/Frameworks/Python3.framework/Versions/3.9/lib/python3.9/unittest/mock.py:1316: in decoration_helper
    arg = exit_stack.enter_context(patching)
/Library/Developer/CommandLineTools/Library/Frameworks/Python3.framework/Versions/3.9/lib/python3.9/contextlib.py:429: in enter_context
    result = _cm_type.__enter__(cm)
/Library/Developer/CommandLineTools/Library/Frameworks/Python3.framework/Versions/3.9/lib/python3.9/unittest/mock.py:1405: in __enter__
    original, local = self.get_original()
/Library/Developer/CommandLineTools/Library/Frameworks/Python3.framework/Versions/3.9/lib/python3.9/unittest/mock.py:1378: in get_original
    raise AttributeError(
E   AttributeError: &lt;module 'main' from '/Users/ostapletnyanchyk/Dsick (D)/_localhost/upwork/tests/../app/backend/services/ai-service/src/main.py'&gt; does not have the attribute 'mock_data_generator'</failure></testcase><testcase classname="unit.backend.test_analytics_api.TestAnalyticsAPI" name="test_get_dashboard_data_missing_user_id" time="0.003"><failure message="assert 404 == 422&#10; +  where 404 = &lt;Response [404 Not Found]&gt;.status_code">tests/unit/backend/test_analytics_api.py:257: in test_get_dashboard_data_missing_user_id
    assert response.status_code == 422  # Validation Error
E   assert 404 == 422
E    +  where 404 = &lt;Response [404 Not Found]&gt;.status_code</failure></testcase><testcase classname="unit.backend.test_analytics_api.TestAnalyticsAPI" name="test_get_earnings_analytics_missing_user_id" time="0.003"><failure message="assert 404 == 422&#10; +  where 404 = &lt;Response [404 Not Found]&gt;.status_code">tests/unit/backend/test_analytics_api.py:263: in test_get_earnings_analytics_missing_user_id
    assert response.status_code == 422  # Validation Error
E   assert 404 == 422
E    +  where 404 = &lt;Response [404 Not Found]&gt;.status_code</failure></testcase><testcase classname="unit.backend.test_analytics_api.TestAnalyticsAPI" name="test_get_dashboard_data_error_handling" time="0.002"><failure message="AttributeError: &lt;module 'main' from '/Users/ostapletnyanchyk/Dsick (D)/_localhost/upwork/tests/../app/backend/services/ai-service/src/main.py'&gt; does not have the attribute 'analytics_engine'">/Library/Developer/CommandLineTools/Library/Frameworks/Python3.framework/Versions/3.9/lib/python3.9/unittest/mock.py:1334: in patched
    with self.decoration_helper(patched,
/Library/Developer/CommandLineTools/Library/Frameworks/Python3.framework/Versions/3.9/lib/python3.9/contextlib.py:117: in __enter__
    return next(self.gen)
/Library/Developer/CommandLineTools/Library/Frameworks/Python3.framework/Versions/3.9/lib/python3.9/unittest/mock.py:1316: in decoration_helper
    arg = exit_stack.enter_context(patching)
/Library/Developer/CommandLineTools/Library/Frameworks/Python3.framework/Versions/3.9/lib/python3.9/contextlib.py:429: in enter_context
    result = _cm_type.__enter__(cm)
/Library/Developer/CommandLineTools/Library/Frameworks/Python3.framework/Versions/3.9/lib/python3.9/unittest/mock.py:1405: in __enter__
    original, local = self.get_original()
/Library/Developer/CommandLineTools/Library/Frameworks/Python3.framework/Versions/3.9/lib/python3.9/unittest/mock.py:1378: in get_original
    raise AttributeError(
E   AttributeError: &lt;module 'main' from '/Users/ostapletnyanchyk/Dsick (D)/_localhost/upwork/tests/../app/backend/services/ai-service/src/main.py'&gt; does not have the attribute 'analytics_engine'</failure></testcase><testcase classname="unit.backend.test_analytics_api.TestAnalyticsAPI" name="test_get_earnings_analytics_error_handling" time="0.003"><failure message="AttributeError: &lt;module 'main' from '/Users/ostapletnyanchyk/Dsick (D)/_localhost/upwork/tests/../app/backend/services/ai-service/src/main.py'&gt; does not have the attribute 'analytics_engine'">/Library/Developer/CommandLineTools/Library/Frameworks/Python3.framework/Versions/3.9/lib/python3.9/unittest/mock.py:1334: in patched
    with self.decoration_helper(patched,
/Library/Developer/CommandLineTools/Library/Frameworks/Python3.framework/Versions/3.9/lib/python3.9/contextlib.py:117: in __enter__
    return next(self.gen)
/Library/Developer/CommandLineTools/Library/Frameworks/Python3.framework/Versions/3.9/lib/python3.9/unittest/mock.py:1316: in decoration_helper
    arg = exit_stack.enter_context(patching)
/Library/Developer/CommandLineTools/Library/Frameworks/Python3.framework/Versions/3.9/lib/python3.9/contextlib.py:429: in enter_context
    result = _cm_type.__enter__(cm)
/Library/Developer/CommandLineTools/Library/Frameworks/Python3.framework/Versions/3.9/lib/python3.9/unittest/mock.py:1405: in __enter__
    original, local = self.get_original()
/Library/Developer/CommandLineTools/Library/Frameworks/Python3.framework/Versions/3.9/lib/python3.9/unittest/mock.py:1378: in get_original
    raise AttributeError(
E   AttributeError: &lt;module 'main' from '/Users/ostapletnyanchyk/Dsick (D)/_localhost/upwork/tests/../app/backend/services/ai-service/src/main.py'&gt; does not have the attribute 'analytics_engine'</failure></testcase><testcase classname="unit.backend.test_analytics_api.TestAnalyticsAPI" name="test_get_timeseries_data_with_different_days" time="0.002"><failure message="AttributeError: &lt;module 'main' from '/Users/ostapletnyanchyk/Dsick (D)/_localhost/upwork/tests/../app/backend/services/ai-service/src/main.py'&gt; does not have the attribute 'analytics_engine'">tests/unit/backend/test_analytics_api.py:293: in test_get_timeseries_data_with_different_days
    with patch('main.analytics_engine') as mock_engine:
/Library/Developer/CommandLineTools/Library/Frameworks/Python3.framework/Versions/3.9/lib/python3.9/unittest/mock.py:1405: in __enter__
    original, local = self.get_original()
/Library/Developer/CommandLineTools/Library/Frameworks/Python3.framework/Versions/3.9/lib/python3.9/unittest/mock.py:1378: in get_original
    raise AttributeError(
E   AttributeError: &lt;module 'main' from '/Users/ostapletnyanchyk/Dsick (D)/_localhost/upwork/tests/../app/backend/services/ai-service/src/main.py'&gt; does not have the attribute 'analytics_engine'</failure></testcase><testcase classname="unit.backend.test_analytics_api.TestAnalyticsAPI" name="test_export_analytics_data_with_different_formats" time="0.002"><failure message="AttributeError: &lt;module 'main' from '/Users/ostapletnyanchyk/Dsick (D)/_localhost/upwork/tests/../app/backend/services/ai-service/src/main.py'&gt; does not have the attribute 'analytics_engine'">tests/unit/backend/test_analytics_api.py:312: in test_export_analytics_data_with_different_formats
    with patch('main.analytics_engine') as mock_engine:
/Library/Developer/CommandLineTools/Library/Frameworks/Python3.framework/Versions/3.9/lib/python3.9/unittest/mock.py:1405: in __enter__
    original, local = self.get_original()
/Library/Developer/CommandLineTools/Library/Frameworks/Python3.framework/Versions/3.9/lib/python3.9/unittest/mock.py:1378: in get_original
    raise AttributeError(
E   AttributeError: &lt;module 'main' from '/Users/ostapletnyanchyk/Dsick (D)/_localhost/upwork/tests/../app/backend/services/ai-service/src/main.py'&gt; does not have the attribute 'analytics_engine'</failure></testcase><testcase classname="unit.backend.test_analytics_engine.TestAnalyticsEngine" name="test_analytics_engine_initialization" time="0.002" /><testcase classname="unit.backend.test_analytics_engine.TestAnalyticsEngine" name="test_analytics_period_enum" time="0.002" /><testcase classname="unit.backend.test_analytics_engine.TestAnalyticsEngine" name="test_calculate_earnings_analytics" time="0.002" /><testcase classname="unit.backend.test_analytics_engine.TestAnalyticsEngine" name="test_calculate_proposals_analytics" time="0.002" /><testcase classname="unit.backend.test_analytics_engine.TestAnalyticsEngine" name="test_calculate_jobs_analytics" time="0.002" /><testcase classname="unit.backend.test_analytics_engine.TestAnalyticsEngine" name="test_calculate_performance_analytics" time="0.002" /><testcase classname="unit.backend.test_analytics_engine.TestAnalyticsEngine" name="test_calculate_category_analytics" time="0.002" /><testcase classname="unit.backend.test_analytics_engine.TestAnalyticsEngine" name="test_generate_time_series_data" time="0.002" /><testcase classname="unit.backend.test_analytics_engine.TestAnalyticsEngine" name="test_calculate_trends" time="0.002" /><testcase classname="unit.backend.test_analytics_engine.TestAnalyticsEngine" name="test_calculate_trends_empty_data" time="0.002" /><testcase classname="unit.backend.test_analytics_engine.TestAnalyticsEngine" name="test_get_comprehensive_analytics" time="0.005" /><testcase classname="unit.backend.test_analytics_engine.TestAnalyticsEngine" name="test_get_analytics_summary" time="0.002" /><testcase classname="unit.backend.test_analytics_engine.TestAnalyticsEngine" name="test_export_analytics_data" time="0.002" /><testcase classname="unit.backend.test_analytics_engine.TestAnalyticsEngine" name="test_export_analytics_data_invalid_format" time="0.002" /><testcase classname="unit.backend.test_analytics_engine.TestDataClasses" name="test_earnings_data" time="0.002" /><testcase classname="unit.backend.test_analytics_engine.TestDataClasses" name="test_proposal_data" time="0.001" /><testcase classname="unit.backend.test_analytics_engine.TestDataClasses" name="test_job_data" time="0.002" /><testcase classname="unit.backend.test_analytics_engine.TestDataClasses" name="test_performance_data" time="0.002" /><testcase classname="unit.backend.test_analytics_engine.TestDataClasses" name="test_category_data" time="0.001" /><testcase classname="unit.backend.test_analytics_engine.TestDataClasses" name="test_time_series_data" time="0.001" /><testcase classname="unit.backend.test_auth_mfa.TestMFAGeneration" name="test_generate_mfa_secret" time="0.002" /><testcase classname="unit.backend.test_auth_mfa.TestMFAGeneration" name="test_generate_backup_codes" time="0.002" /><testcase classname="unit.backend.test_auth_mfa.TestMFAVerification" name="test_verify_mfa_code_valid" time="0.001" /><testcase classname="unit.backend.test_auth_mfa.TestMFAVerification" name="test_verify_mfa_code_invalid" time="0.002" /><testcase classname="unit.backend.test_auth_mfa.TestMFAVerification" name="test_verify_backup_code_valid" time="0.001" /><testcase classname="unit.backend.test_auth_mfa.TestMFAVerification" name="test_verify_backup_code_invalid" time="0.002" /><testcase classname="unit.backend.test_auth_mfa.TestMFAEndpoints" name="test_setup_mfa" time="0.003" /><testcase classname="unit.backend.test_auth_mfa.TestMFAEndpoints" name="test_verify_mfa_setup" time="0.004" /><testcase classname="unit.backend.test_auth_mfa.TestMFAEndpoints" name="test_verify_mfa_login" time="0.003" /><testcase classname="unit.backend.test_auth_mfa.TestMFAEndpoints" name="test_get_mfa_status" time="0.004" /><testcase classname="unit.backend.test_auth_mfa.TestMFAErrorHandling" name="test_setup_mfa_database_error" time="0.003" /><testcase classname="unit.backend.test_auth_mfa.TestMFAErrorHandling" name="test_verify_mfa_invalid_code" time="0.003" /><testcase classname="unit.backend.test_edge_cases.TestEdgeCases" name="test_empty_user_id" time="0.004" /><testcase classname="unit.backend.test_edge_cases.TestEdgeCases" name="test_none_user_id" time="0.003" /><testcase classname="unit.backend.test_edge_cases.TestEdgeCases" name="test_very_long_user_id" time="0.026" /><testcase classname="unit.backend.test_edge_cases.TestEdgeCases" name="test_special_characters_in_user_id" time="0.004" /><testcase classname="unit.backend.test_edge_cases.TestEdgeCases" name="test_unicode_characters_in_user_id" time="0.004" /><testcase classname="unit.backend.test_edge_cases.TestEdgeCases" name="test_negative_numbers" time="0.004" /><testcase classname="unit.backend.test_edge_cases.TestEdgeCases" name="test_zero_values" time="0.003" /><testcase classname="unit.backend.test_edge_cases.TestEdgeCases" name="test_floating_point_numbers" time="0.004" /><testcase classname="unit.backend.test_edge_cases.TestEdgeCases" name="test_boolean_values" time="0.004" /><testcase classname="unit.backend.test_edge_cases.TestEdgeCases" name="test_array_values" time="0.004" /><testcase classname="unit.backend.test_edge_cases.TestEdgeCases" name="test_object_values" time="0.003" /><testcase classname="unit.backend.test_edge_cases.TestBoundaryConditions" name="test_minimum_valid_user_id" time="0.003" /><testcase classname="unit.backend.test_edge_cases.TestBoundaryConditions" name="test_maximum_valid_user_id" time="0.003" /><testcase classname="unit.backend.test_edge_cases.TestBoundaryConditions" name="test_boundary_date_values" time="0.004" /><testcase classname="unit.backend.test_edge_cases.TestBoundaryConditions" name="test_boundary_numeric_values" time="0.005" /><testcase classname="unit.backend.test_edge_cases.TestErrorHandling" name="test_database_connection_error" time="0.003" /><testcase classname="unit.backend.test_edge_cases.TestErrorHandling" name="test_external_service_timeout" time="0.003" /><testcase classname="unit.backend.test_edge_cases.TestErrorHandling" name="test_encryption_error" time="0.004" /><testcase classname="unit.backend.test_edge_cases.TestErrorHandling" name="test_malformed_json_request" time="0.004" /><testcase classname="unit.backend.test_edge_cases.TestErrorHandling" name="test_missing_required_headers" time="0.003" /><testcase classname="unit.backend.test_edge_cases.TestErrorHandling" name="test_invalid_content_type" time="0.003" /><testcase classname="unit.backend.test_edge_cases.TestErrorHandling" name="test_request_size_limit" time="0.003" /><testcase classname="unit.backend.test_edge_cases.TestConcurrency" name="test_concurrent_requests" time="0.015" /><testcase classname="unit.backend.test_edge_cases.TestMemoryUsage" name="test_large_data_handling" time="0.003" /><testcase classname="unit.backend.test_edge_cases.TestMemoryUsage" name="test_memory_leak_prevention" time="0.161" /><testcase classname="unit.backend.test_edge_cases.TestPerformanceEdgeCases" name="test_slow_database_query" time="0.004" /><testcase classname="unit.backend.test_edge_cases.TestPerformanceEdgeCases" name="test_large_response_handling" time="0.004" /><testcase classname="unit.backend.test_edge_cases.TestPerformanceEdgeCases" name="test_cpu_intensive_operation" time="0.004" /><testcase classname="unit.backend.test_edge_cases.TestSecurityEdgeCases" name="test_xss_payload_in_user_id" time="0.004" /><testcase classname="unit.backend.test_edge_cases.TestSecurityEdgeCases" name="test_path_traversal_attempt" time="0.004" /><testcase classname="unit.backend.test_edge_cases.TestSecurityEdgeCases" name="test_command_injection_attempt" time="0.004" /><testcase classname="unit.backend.test_edge_cases.TestSecurityEdgeCases" name="test_ldap_injection_attempt" time="0.004" /><testcase classname="unit.backend.test_edge_cases.TestDataValidationEdgeCases" name="test_invalid_date_format" time="0.003" /><testcase classname="unit.backend.test_edge_cases.TestDataValidationEdgeCases" name="test_invalid_email_format" time="0.003" /><testcase classname="unit.backend.test_edge_cases.TestDataValidationEdgeCases" name="test_invalid_uuid_format" time="0.004" /><testcase classname="unit.backend.test_edge_cases.TestDataValidationEdgeCases" name="test_invalid_json_schema" time="0.004" /><testcase classname="unit.backend.test_encryption.TestEncryptionManager" name="test_encryption_manager_initialization" time="0.030" /><testcase classname="unit.backend.test_encryption.TestEncryptionManager" name="test_encryption_manager_with_default_key" time="0.029" /><testcase classname="unit.backend.test_encryption.TestEncryptionManager" name="test_encrypt_decrypt_string" time="0.031" /><testcase classname="unit.backend.test_encryption.TestEncryptionManager" name="test_encrypt_decrypt_empty_string" time="0.029" /><testcase classname="unit.backend.test_encryption.TestEncryptionManager" name="test_encrypt_decrypt_dict" time="0.030" /><testcase classname="unit.backend.test_encryption.TestEncryptionManager" name="test_encrypt_dict_with_empty_values" time="0.030" /><testcase classname="unit.backend.test_encryption.TestEncryptionFunctions" name="test_encrypt_data_function" time="0.002" /><testcase classname="unit.backend.test_encryption.TestEncryptionFunctions" name="test_decrypt_data_function" time="0.002" /><testcase classname="unit.backend.test_encryption.TestEncryptionFunctions" name="test_generate_encryption_key" time="0.002" /><testcase classname="unit.backend.test_encryption.TestPasswordHashing" name="test_hash_password" time="0.004" /><testcase classname="unit.backend.test_encryption.TestPasswordHashing" name="test_verify_password_success" time="0.005" /><testcase classname="unit.backend.test_encryption.TestPasswordHashing" name="test_verify_password_failure" time="0.002" /><testcase classname="unit.backend.test_encryption.TestEncryptionSecurity" name="test_no_real_secrets_in_tests" time="0.002" /><testcase classname="unit.backend.test_encryption.TestEncryptionSecurity" name="test_encryption_key_format" time="0.002" /><testcase classname="unit.backend.test_encryption.TestEncryptionSecurity" name="test_encrypted_data_format" time="0.031" /><testcase classname="unit.backend.test_encryption.TestEncryptionSecurity" name="test_encryption_consistency" time="0.033" /><testcase classname="unit.backend.test_encryption.TestEncryptionErrorHandling" name="test_decrypt_invalid_data" time="0.030" /><testcase classname="unit.backend.test_encryption.TestEncryptionErrorHandling" name="test_encryption_with_none_data" time="0.030" /><testcase classname="unit.backend.test_integration.TestIntegration" name="test_service_integration_structure" time="0.002" /><testcase classname="unit.backend.test_integration.TestIntegration" name="test_shared_modules_integration" time="0.002" /><testcase classname="unit.backend.test_integration.TestIntegration" name="test_api_gateway_integration" time="0.002" /><testcase classname="unit.backend.test_integration.TestIntegration" name="test_data_integration" time="0.003" /><testcase classname="unit.backend.test_integration.TestIntegration" name="test_project_structure_integration" time="0.002" /><testcase classname="unit.backend.test_integration.TestIntegration" name="test_file_permissions_integration" time="0.156" /><testcase classname="unit.backend.test_integration.TestIntegration" name="test_import_structure_integration" time="0.002" /><testcase classname="unit.backend.test_logging_integration.TestLoggingIntegration" name="test_basic_logging" time="0.002" /><testcase classname="unit.backend.test_logging_integration.TestLoggingIntegration" name="test_performance_logging" time="0.107" /><testcase classname="unit.backend.test_logging_integration.TestLoggingIntegration" name="test_security_logging" time="0.003" /><testcase classname="unit.backend.test_logging_integration.TestLoggingIntegration" name="test_api_logging" time="0.003" /><testcase classname="unit.backend.test_logging_integration.TestLoggingIntegration" name="test_database_logging" time="0.003" /><testcase classname="unit.backend.test_logging_integration.TestLoggingIntegration" name="test_request_context" time="0.003" /><testcase classname="unit.backend.test_logging_integration.TestLoggingIntegration" name="test_test_context" time="0.002" /><testcase classname="unit.backend.test_logging_integration.TestLoggingIntegration" name="test_error_logging" time="0.005" /><testcase classname="unit.backend.test_logging_integration.TestLoggingIntegration" name="test_decorators" time="0.018" /><testcase classname="unit.backend.test_logging_integration.TestLoggingDecorators" name="test_log_function_call_decorator" time="0.002" /><testcase classname="unit.backend.test_logging_integration.TestLoggingDecorators" name="test_log_performance_decorator" time="0.018" /><testcase classname="unit.backend.test_logging_integration.TestLoggingDecorators" name="test_log_database_operation_decorator" time="0.003" /><testcase classname="unit.backend.test_logging_integration.TestLoggingDecorators" name="test_log_api_call_decorator" time="0.002" /><testcase classname="unit.backend.test_logging_integration.TestLoggingDecorators" name="test_log_security_event_decorator" time="0.003" /><testcase classname="unit.backend.test_logging_integration.TestLoggingDecorators" name="test_log_exceptions_decorator" time="0.002" /><testcase classname="unit.backend.test_logging_integration.TestLoggingContextManagers" name="test_performance_logger_context" time="0.013" /><testcase classname="unit.backend.test_logging_integration.TestLoggingContextManagers" name="test_test_logger_context" time="0.015" /><testcase classname="unit.backend.test_logging_integration.TestSlowLoggingOperations" name="test_slow_performance_logging" time="0.505" /><testcase classname="unit.backend.test_logging_integration.TestSlowLoggingOperations" name="test_bulk_logging" time="0.022" /><testcase classname="unit.backend.test_logging_integration.TestSecurityLogging" name="test_login_attempt_logging" time="0.003" /><testcase classname="unit.backend.test_logging_integration.TestSecurityLogging" name="test_unauthorized_access_logging" time="0.002" /><testcase classname="unit.backend.test_mfa.TestMFASetup" name="test_setup_mfa_success" time="0.003" /><testcase classname="unit.backend.test_mfa.TestMFASetup" name="test_setup_mfa_response_structure" time="0.003" /><testcase classname="unit.backend.test_mfa.TestMFASetup" name="test_backup_codes_format" time="0.003" /><testcase classname="unit.backend.test_mfa.TestMFAVerification" name="test_verify_mfa_success" time="0.004" /><testcase classname="unit.backend.test_mfa.TestMFAVerification" name="test_verify_mfa_response_structure" time="0.003" /><testcase classname="unit.backend.test_mfa.TestMFADisable" name="test_disable_mfa_success" time="0.003" /><testcase classname="unit.backend.test_mfa.TestMFADisable" name="test_disable_mfa_response_structure" time="0.003" /><testcase classname="unit.backend.test_mfa.TestMFALoginVerification" name="test_verify_mfa_login_success" time="0.005" /><testcase classname="unit.backend.test_mfa.TestMFALoginVerification" name="test_verify_mfa_login_response_structure" time="0.003" /><testcase classname="unit.backend.test_mfa.TestMFABackupCodes" name="test_regenerate_backup_codes_success" time="0.004" /><testcase classname="unit.backend.test_mfa.TestMFABackupCodes" name="test_regenerate_backup_codes_response_structure" time="0.004" /><testcase classname="unit.backend.test_mfa.TestMFAStatus" name="test_get_mfa_status_success" time="0.003" /><testcase classname="unit.backend.test_mfa.TestMFAStatus" name="test_get_mfa_status_response_structure" time="0.003" /><testcase classname="unit.backend.test_mfa.TestMFASecurity" name="test_no_real_secrets_in_tests" time="0.002" /><testcase classname="unit.backend.test_mfa.TestMFASecurity" name="test_mfa_endpoints_require_auth" time="0.008" /><testcase classname="unit.backend.test_mfa.TestMFASecurity" name="test_backup_codes_uniqueness" time="0.004" /><testcase classname="unit.backend.test_mock_data.TestMockDataGenerator" name="test_mock_data_generator_initialization" time="0.002" /><testcase classname="unit.backend.test_mock_data.TestMockDataGenerator" name="test_generate_user_analytics" time="0.004" /><testcase classname="unit.backend.test_mock_data.TestMockDataGenerator" name="test_generate_user_analytics_with_different_days" time="0.002" /><testcase classname="unit.backend.test_mock_data.TestMockDataGenerator" name="test_generate_user_analytics_error_handling" time="0.002" /><testcase classname="unit.backend.test_mock_data.TestMockDataErrorHandling" name="test_generate_user_analytics_error_handling" time="0.005" /><testcase classname="unit.backend.test_mock_data.TestMockDataErrorHandling" name="test_generate_user_analytics_with_none_user_id" time="0.003" /><testcase classname="unit.backend.test_models.TestModels" name="test_auth_models_exist" time="0.003" /><testcase classname="unit.backend.test_models.TestModels" name="test_analytics_models_exist" time="0.002" /><testcase classname="unit.backend.test_models.TestModels" name="test_jwt_manager_exists" time="0.002" /><testcase classname="unit.backend.test_models.TestModels" name="test_mfa_module_exists" time="0.002" /><testcase classname="unit.backend.test_models.TestModels" name="test_oauth_module_exists" time="0.002" /><testcase classname="unit.backend.test_models.TestModels" name="test_file_structure_valid" time="0.002" /><testcase classname="unit.backend.test_models.TestModels" name="test_python_files_are_readable" time="0.002" /><testcase classname="unit.backend.test_oauth.TestOAuthFlow" name="test_upwork_authorize_success" time="0.003" /><testcase classname="unit.backend.test_oauth.TestOAuthFlow" name="test_upwork_callback_success" time="0.003" /><testcase classname="unit.backend.test_oauth.TestOAuthFlow" name="test_upwork_callback_missing_code" time="0.003" /><testcase classname="unit.backend.test_oauth.TestOAuthConnections" name="test_get_oauth_connections" time="0.004" /><testcase classname="unit.backend.test_oauth.TestOAuthConnections" name="test_disconnect_oauth" time="0.004" /><testcase classname="unit.backend.test_oauth.TestOAuthIntegration" name="test_oauth_flow_integration" time="0.007" /><testcase classname="unit.backend.test_security.TestRateLimiter" name="test_rate_limiter_initialization" time="0.007" /><testcase classname="unit.backend.test_security.TestRateLimiter" name="test_client_identifier" time="0.005" /><testcase classname="unit.backend.test_security.TestRateLimiter" name="test_rate_limit_key_generation" time="0.006" /><testcase classname="unit.backend.test_security.TestValidationMiddleware" name="test_validation_middleware_initialization" time="0.002" /><testcase classname="unit.backend.test_security.TestValidationMiddleware" name="test_suspicious_content_detection" time="0.002" /><testcase classname="unit.backend.test_security.TestValidationMiddleware" name="test_content_length_validation" time="0.002" /><testcase classname="unit.backend.test_security.TestValidationMiddleware" name="test_content_type_validation" time="0.002" /><testcase classname="unit.backend.test_security.TestAuthMiddleware" name="test_auth_middleware_initialization" time="0.002" /><testcase classname="unit.backend.test_security.TestAuthMiddleware" name="test_public_path_detection" time="0.002" /><testcase classname="unit.backend.test_security.TestAuthMiddleware" name="test_token_verification" time="0.002" /><testcase classname="unit.backend.test_security.TestAuthMiddleware" name="test_admin_path_detection" time="0.002" /><testcase classname="unit.backend.test_security.TestSecurityIntegration" name="test_middleware_chain" time="0.018" /><testcase classname="unit.backend.test_security.TestSecurityIntegration" name="test_security_headers" time="0.004" /><testcase classname="unit.backend.test_security_safe" name="test_endpoint" time="0.003"><skipped type="pytest.skip" message="async def function and no async plugin installed (see warnings)">/Users/ostapletnyanchyk/Dsick (D)/_localhost/upwork/app/backend/venv/lib/python3.9/site-packages/_pytest/python.py:184: async def function and no async plugin installed (see warnings)</skipped></testcase><testcase classname="unit.backend.test_security_safe" name="test_endpoint_async" time="0.003" /><testcase classname="unit.backend.test_security_safe" name="test_async_endpoint" time="0.002" /><testcase classname="unit.backend.test_security_safe.TestSecuritySafe" name="test_health_endpoint_accessible" time="0.005" /><testcase classname="unit.backend.test_security_safe.TestSecuritySafe" name="test_security_headers_present" time="0.003" /><testcase classname="unit.backend.test_security_safe.TestSecuritySafe" name="test_api_endpoint_requires_auth" time="0.005" /><testcase classname="unit.backend.test_security_safe.TestSecuritySafe" name="test_no_sensitive_info_in_headers" time="0.004" /><testcase classname="unit.backend.test_security_safe.TestSecuritySafe" name="test_cors_headers_proper" time="0.003" /><testcase classname="unit.backend.test_security_safe.TestOAuthSafe" name="test_oauth_endpoints_exist" time="0.002" /><testcase classname="unit.backend.test_security_safe.TestOAuthSafe" name="test_no_real_tokens_in_tests" time="0.002" /><testcase classname="unit.backend.test_services.TestServices" name="test_ai_service_exists" time="0.002" /><testcase classname="unit.backend.test_services.TestServices" name="test_auth_service_exists" time="0.002" /><testcase classname="unit.backend.test_services.TestServices" name="test_analytics_service_exists" time="0.002" /><testcase classname="unit.backend.test_services.TestServices" name="test_notification_service_exists" time="0.002" /><testcase classname="unit.backend.test_services.TestServices" name="test_upwork_service_exists" time="0.002" /><testcase classname="unit.backend.test_services.TestServices" name="test_api_gateway_exists" time="0.002" /><testcase classname="unit.backend.test_services.TestServices" name="test_shared_utils_exist" time="0.002" /><testcase classname="unit.backend.test_services.TestServices" name="test_database_connection_exists" time="0.002" /><testcase classname="unit.backend.test_services.TestServices" name="test_config_files_exist" time="0.002" /><testcase classname="unit.backend.test_services.TestServices" name="test_mock_data_exists" time="0.002" /><testcase classname="integration.test_api_gateway_integration.TestAPIGatewayIntegration" name="test_api_gateway_health_check" time="0.003" /><testcase classname="integration.test_api_gateway_integration.TestAPIGatewayIntegration" name="test_api_gateway_root_endpoint" time="0.002" /><testcase classname="integration.test_api_gateway_integration.TestAPIGatewayIntegration" name="test_analytics_service_integration" time="0.003"><failure message="assert 404 == 200&#10; +  where 404 = &lt;Response [404 Not Found]&gt;.status_code">tests/integration/test_api_gateway_integration.py:124: in test_analytics_service_integration
    assert response.status_code == 200
E   assert 404 == 200
E    +  where 404 = &lt;Response [404 Not Found]&gt;.status_code</failure></testcase><testcase classname="integration.test_api_gateway_integration.TestAPIGatewayIntegration" name="test_auth_service_integration" time="0.002"><failure message="assert 404 == 200&#10; +  where 404 = &lt;Response [404 Not Found]&gt;.status_code">tests/integration/test_api_gateway_integration.py:149: in test_auth_service_integration
    assert response.status_code == 200
E   assert 404 == 200
E    +  where 404 = &lt;Response [404 Not Found]&gt;.status_code</failure></testcase><testcase classname="integration.test_api_gateway_integration.TestAPIGatewayIntegration" name="test_upwork_service_integration" time="0.002"><failure message="assert 404 == 200&#10; +  where 404 = &lt;Response [404 Not Found]&gt;.status_code">tests/integration/test_api_gateway_integration.py:171: in test_upwork_service_integration
    assert response.status_code == 200
E   assert 404 == 200
E    +  where 404 = &lt;Response [404 Not Found]&gt;.status_code</failure></testcase><testcase classname="integration.test_api_gateway_integration.TestAPIGatewayIntegration" name="test_cors_headers" time="0.001" /><testcase classname="integration.test_api_gateway_integration.TestAPIGatewayIntegration" name="test_rate_limiting" time="1.083" /><testcase classname="integration.test_api_gateway_integration.TestAPIGatewayIntegration" name="test_error_handling" time="0.006" /><testcase classname="integration.test_api_gateway_integration.TestAPIGatewayIntegration" name="test_service_failure_handling" time="0.006"><failure message="assert 404 in [500, 502, 503]&#10; +  where 404 = &lt;Response [404 Not Found]&gt;.status_code">tests/integration/test_api_gateway_integration.py:220: in test_service_failure_handling
    assert response.status_code in [500, 502, 503]
E   assert 404 in [500, 502, 503]
E    +  where 404 = &lt;Response [404 Not Found]&gt;.status_code</failure></testcase><testcase classname="integration.test_api_gateway_integration.TestDatabaseIntegration" name="test_database_connection" time="0.004"><failure message="AssertionError: assert 'database' in {'redis': 'healthy', 'service': 'ai-service', 'status': 'healthy', 'timestamp': '2025-07-31T16:57:50.778360'}">tests/integration/test_api_gateway_integration.py:236: in test_database_connection
    assert "database" in data
E   AssertionError: assert 'database' in {'redis': 'healthy', 'service': 'ai-service', 'status': 'healthy', 'timestamp': '2025-07-31T16:57:50.778360'}</failure></testcase><testcase classname="integration.test_api_gateway_integration.TestDatabaseIntegration" name="test_database_operations" time="0.003"><failure message="AssertionError: assert False&#10; +  where False = &lt;MagicMock name='get_db' id='4417214784'&gt;.called">tests/integration/test_api_gateway_integration.py:249: in test_database_operations
    assert mock_get_db.called
E   AssertionError: assert False
E    +  where False = &lt;MagicMock name='get_db' id='4417214784'&gt;.called</failure></testcase><testcase classname="integration.test_api_gateway_integration.TestExternalAPIIntegration" name="test_upwork_api_integration" time="0.003"><failure message="assert 404 == 200&#10; +  where 404 = &lt;Response [404 Not Found]&gt;.status_code">tests/integration/test_api_gateway_integration.py:275: in test_upwork_api_integration
    assert response.status_code == 200
E   assert 404 == 200
E    +  where 404 = &lt;Response [404 Not Found]&gt;.status_code</failure></testcase><testcase classname="integration.test_api_gateway_integration.TestExternalAPIIntegration" name="test_oauth_integration" time="0.003"><failure message="assert 404 == 200&#10; +  where 404 = &lt;Response [404 Not Found]&gt;.status_code">tests/integration/test_api_gateway_integration.py:297: in test_oauth_integration
    assert response.status_code == 200
E   assert 404 == 200
E    +  where 404 = &lt;Response [404 Not Found]&gt;.status_code</failure></testcase><testcase classname="integration.test_api_gateway_integration.TestMicroservicesCommunication" name="test_service_discovery" time="0.003"><failure message="assert 404 == 200&#10; +  where 404 = &lt;Response [404 Not Found]&gt;.status_code">tests/integration/test_api_gateway_integration.py:322: in test_service_discovery
    assert response.status_code == 200
E   assert 404 == 200
E    +  where 404 = &lt;Response [404 Not Found]&gt;.status_code</failure></testcase><testcase classname="integration.test_api_gateway_integration.TestMicroservicesCommunication" name="test_load_balancing" time="0.545" /><testcase classname="integration.test_api_gateway_integration.TestMicroservicesCommunication" name="test_circuit_breaker" time="0.006" /><testcase classname="integration.test_service_communication.TestServiceCommunication" name="test_auth_to_analytics_communication" time="0.004"><failure message="assert 404 == 200&#10; +  where 404 = &lt;Response [404 Not Found]&gt;.status_code">tests/integration/test_service_communication.py:90: in test_auth_to_analytics_communication
    assert response.status_code == 200
E   assert 404 == 200
E    +  where 404 = &lt;Response [404 Not Found]&gt;.status_code</failure></testcase><testcase classname="integration.test_service_communication.TestServiceCommunication" name="test_analytics_to_upwork_communication" time="0.004"><failure message="assert 404 == 200&#10; +  where 404 = &lt;Response [404 Not Found]&gt;.status_code">tests/integration/test_service_communication.py:115: in test_analytics_to_upwork_communication
    assert response.status_code == 200
E   assert 404 == 200
E    +  where 404 = &lt;Response [404 Not Found]&gt;.status_code</failure></testcase><testcase classname="integration.test_service_communication.TestServiceCommunication" name="test_notification_service_integration" time="0.004"><failure message="assert 404 == 200&#10; +  where 404 = &lt;Response [404 Not Found]&gt;.status_code">tests/integration/test_service_communication.py:135: in test_notification_service_integration
    assert response.status_code == 200
E   assert 404 == 200
E    +  where 404 = &lt;Response [404 Not Found]&gt;.status_code</failure></testcase><testcase classname="integration.test_service_communication.TestServiceCommunication" name="test_service_health_check_chain" time="0.006" /><testcase classname="integration.test_service_communication.TestServiceCommunication" name="test_event_bus_communication" time="0.003"><failure message="assert 404 == 200&#10; +  where 404 = &lt;Response [404 Not Found]&gt;.status_code">tests/integration/test_service_communication.py:167: in test_event_bus_communication
    assert response.status_code == 200
E   assert 404 == 200
E    +  where 404 = &lt;Response [404 Not Found]&gt;.status_code</failure></testcase><testcase classname="integration.test_service_communication.TestServiceCommunication" name="test_service_timeout_handling" time="0.003" /><testcase classname="integration.test_service_communication.TestServiceCommunication" name="test_service_retry_mechanism" time="0.002" /><testcase classname="integration.test_service_communication.TestDataFlow" name="test_user_data_flow" time="0.002"><failure message="assert 404 == 200&#10; +  where 404 = &lt;Response [404 Not Found]&gt;.status_code">tests/integration/test_service_communication.py:219: in test_user_data_flow
    assert response.status_code == 200
E   assert 404 == 200
E    +  where 404 = &lt;Response [404 Not Found]&gt;.status_code</failure></testcase><testcase classname="integration.test_service_communication.TestDataFlow" name="test_data_synchronization" time="0.002"><failure message="assert 404 == 200&#10; +  where 404 = &lt;Response [404 Not Found]&gt;.status_code">tests/integration/test_service_communication.py:242: in test_data_synchronization
    assert response.status_code == 200
E   assert 404 == 200
E    +  where 404 = &lt;Response [404 Not Found]&gt;.status_code</failure></testcase><testcase classname="integration.test_service_communication.TestErrorPropagation" name="test_service_error_propagation" time="0.002"><failure message="assert 404 in [500, 502, 503]&#10; +  where 404 = &lt;Response [404 Not Found]&gt;.status_code">tests/integration/test_service_communication.py:267: in test_service_error_propagation
    assert response.status_code in [500, 502, 503]
E   assert 404 in [500, 502, 503]
E    +  where 404 = &lt;Response [404 Not Found]&gt;.status_code</failure></testcase><testcase classname="integration.test_service_communication.TestErrorPropagation" name="test_cascade_failure_handling" time="0.003" /><testcase classname="security.test_sql_injection.TestSQLInjection" name="test_sql_injection_in_user_id" time="0.008" /><testcase classname="security.test_sql_injection.TestSQLInjection" name="test_sql_injection_in_search_query" time="0.005" /><testcase classname="security.test_sql_injection.TestSQLInjection" name="test_sql_injection_in_json_payload" time="0.003" /><testcase classname="security.test_sql_injection.TestSQLInjection" name="test_sql_injection_in_headers" time="0.003" /><testcase classname="security.test_sql_injection.TestSQLInjection" name="test_sql_injection_in_path_parameters" time="0.003" /><testcase classname="security.test_sql_injection.TestSQLInjection" name="test_sql_injection_in_form_data" time="0.003" /><testcase classname="security.test_sql_injection.TestSQLInjection" name="test_blind_sql_injection" time="0.003" /><testcase classname="security.test_sql_injection.TestSQLInjection" name="test_time_based_sql_injection" time="0.003" /><testcase classname="security.test_sql_injection.TestSQLInjection" name="test_union_based_sql_injection" time="0.003" /><testcase classname="security.test_sql_injection.TestSQLInjection" name="test_error_based_sql_injection" time="0.003" /><testcase classname="security.test_sql_injection.TestSQLInjection" name="test_boolean_based_sql_injection" time="0.004" /><testcase classname="security.test_sql_injection.TestSQLInjection" name="test_sql_injection_in_nested_queries" time="0.003" /><testcase classname="security.test_sql_injection.TestSQLInjection" name="test_sql_injection_prevention_mechanisms" time="0.001"><failure message="AssertionError: Valid input should be processed correctly&#10;assert 404 in [200, 401, 403]&#10; +  where 404 = &lt;Response [404 Not Found]&gt;.status_code">tests/security/test_sql_injection.py:226: in test_sql_injection_prevention_mechanisms
    assert response.status_code in [200, 401, 403], \
E   AssertionError: Valid input should be processed correctly
E   assert 404 in [200, 401, 403]
E    +  where 404 = &lt;Response [404 Not Found]&gt;.status_code</failure></testcase><testcase classname="security.test_sql_injection.TestSQLInjection" name="test_sql_injection_logging" time="0.001" /><testcase classname="security.test_sql_injection.TestSQLInjection" name="test_sql_injection_rate_limiting" time="0.008" /><testcase classname="contract.test_api_contracts.TestAPIContracts" name="test_health_endpoint_contract" time="0.003"><failure message="AssertionError: assert 'api-gateway' in 'ai-service'&#10; +  where 'ai-service' = &lt;built-in method lower of str object at 0x1074df6b0&gt;()&#10; +    where &lt;built-in method lower of str object at 0x1074df6b0&gt; = 'ai-service'.lower">tests/contract/test_api_contracts.py:50: in test_health_endpoint_contract
    assert "api-gateway" in data["service"].lower()
E   AssertionError: assert 'api-gateway' in 'ai-service'
E    +  where 'ai-service' = &lt;built-in method lower of str object at 0x1074df6b0&gt;()
E    +    where &lt;built-in method lower of str object at 0x1074df6b0&gt; = 'ai-service'.lower</failure></testcase><testcase classname="contract.test_api_contracts.TestAPIContracts" name="test_dashboard_endpoint_contract" time="0.001" /><testcase classname="contract.test_api_contracts.TestAPIContracts" name="test_earnings_endpoint_contract" time="0.001" /><testcase classname="contract.test_api_contracts.TestAPIContracts" name="test_proposals_endpoint_contract" time="0.001" /><testcase classname="contract.test_api_contracts.TestAPIContracts" name="test_jobs_endpoint_contract" time="0.001" /><testcase classname="contract.test_api_contracts.TestAPIContracts" name="test_error_response_contract" time="0.001" /><testcase classname="contract.test_api_contracts.TestAPIContracts" name="test_authentication_contract" time="0.001"><failure message="assert 404 in [401, 403]&#10; +  where 404 = &lt;Response [404 Not Found]&gt;.status_code">tests/contract/test_api_contracts.py:201: in test_authentication_contract
    assert response.status_code in [401, 403]
E   assert 404 in [401, 403]
E    +  where 404 = &lt;Response [404 Not Found]&gt;.status_code</failure></testcase><testcase classname="contract.test_api_contracts.TestDataContracts" name="test_user_data_contract" time="0.000" /><testcase classname="contract.test_api_contracts.TestDataContracts" name="test_job_data_contract" time="0.000" /><testcase classname="contract.test_api_contracts.TestDataContracts" name="test_proposal_data_contract" time="0.000" /><testcase classname="contract.test_api_contracts.TestSchemaValidation" name="test_request_schema_validation" time="0.002"><failure message="assert 404 in [400, 422]&#10; +  where 404 = &lt;Response [404 Not Found]&gt;.status_code">tests/contract/test_api_contracts.py:351: in test_request_schema_validation
    assert response.status_code in [400, 422]
E   assert 404 in [400, 422]
E    +  where 404 = &lt;Response [404 Not Found]&gt;.status_code</failure></testcase><testcase classname="contract.test_api_contracts.TestSchemaValidation" name="test_response_schema_validation" time="0.001" /><testcase classname="contract.test_api_contracts.TestSchemaValidation" name="test_enum_validation" time="0.000" /><testcase classname="contract.test_api_contracts.TestVersioningContracts" name="test_api_version_header" time="0.000"><failure message="AttributeError: 'TestVersioningContracts' object has no attribute 'test_token'">tests/contract/test_api_contracts.py:408: in test_api_version_header
    "Authorization": f"Bearer {self.test_token}",
E   AttributeError: 'TestVersioningContracts' object has no attribute 'test_token'</failure></testcase><testcase classname="contract.test_api_contracts.TestVersioningContracts" name="test_backward_compatibility" time="0.004" /><testcase classname="contract.test_api_contracts.TestRateLimitingContracts" name="test_rate_limiting_headers" time="0.007" /><testcase classname="contract.test_api_contracts.TestRateLimitingContracts" name="test_rate_limiting_response" time="0.029" /><testcase classname="chaos.test_chaos_engineering.TestChaosEngineering" name="test_database_failure_scenario" time="0.002"><failure message="assert 404 in [500, 503, 502]&#10; +  where 404 = &lt;Response [404 Not Found]&gt;.status_code">tests/chaos/test_chaos_engineering.py:39: in test_database_failure_scenario
    assert response.status_code in [500, 503, 502]
E   assert 404 in [500, 503, 502]
E    +  where 404 = &lt;Response [404 Not Found]&gt;.status_code</failure></testcase><testcase classname="chaos.test_chaos_engineering.TestChaosEngineering" name="test_database_slow_response" time="0.002"><failure message="assert 404 in [500, 503, 408, 504]&#10; +  where 404 = &lt;Response [404 Not Found]&gt;.status_code">tests/chaos/test_chaos_engineering.py:67: in test_database_slow_response
    assert response.status_code in [500, 503, 408, 504]
E   assert 404 in [500, 503, 408, 504]
E    +  where 404 = &lt;Response [404 Not Found]&gt;.status_code</failure></testcase><testcase classname="chaos.test_chaos_engineering.TestChaosEngineering" name="test_external_service_failure" time="0.002"><failure message="assert 404 in [500, 503, 502]&#10; +  where 404 = &lt;Response [404 Not Found]&gt;.status_code">tests/chaos/test_chaos_engineering.py:79: in test_external_service_failure
    assert response.status_code in [500, 503, 502]
E   assert 404 in [500, 503, 502]
E    +  where 404 = &lt;Response [404 Not Found]&gt;.status_code</failure></testcase><testcase classname="chaos.test_chaos_engineering.TestChaosEngineering" name="test_external_service_timeout" time="0.002"><failure message="assert 404 in [500, 503, 408, 504]&#10; +  where 404 = &lt;Response [404 Not Found]&gt;.status_code">tests/chaos/test_chaos_engineering.py:103: in test_external_service_timeout
    assert response.status_code in [500, 503, 408, 504]
E   assert 404 in [500, 503, 408, 504]
E    +  where 404 = &lt;Response [404 Not Found]&gt;.status_code</failure></testcase><testcase classname="chaos.test_chaos_engineering.TestChaosEngineering" name="test_memory_pressure" time="0.012" /><testcase classname="chaos.test_chaos_engineering.TestChaosEngineering" name="test_cpu_pressure" time="0.002" /><testcase classname="chaos.test_chaos_engineering.TestChaosEngineering" name="test_network_partition" time="0.001"><failure message="assert 404 in [500, 503, 502]&#10; +  where 404 = &lt;Response [404 Not Found]&gt;.status_code">tests/chaos/test_chaos_engineering.py:146: in test_network_partition
    assert response.status_code in [500, 503, 502]
E   assert 404 in [500, 503, 502]
E    +  where 404 = &lt;Response [404 Not Found]&gt;.status_code</failure></testcase><testcase classname="chaos.test_chaos_engineering.TestChaosEngineering" name="test_disk_space_full" time="0.002" /><testcase classname="chaos.test_chaos_engineering.TestChaosEngineering" name="test_corrupted_data" time="0.002"><failure message="assert 404 in [500, 503]&#10; +  where 404 = &lt;Response [404 Not Found]&gt;.status_code">tests/chaos/test_chaos_engineering.py:176: in test_corrupted_data
    assert response.status_code in [500, 503]
E   assert 404 in [500, 503]
E    +  where 404 = &lt;Response [404 Not Found]&gt;.status_code</failure></testcase><testcase classname="chaos.test_chaos_engineering.TestChaosEngineering" name="test_authentication_service_failure" time="0.002"><failure message="assert 404 in [500, 503, 502]&#10; +  where 404 = &lt;Response [404 Not Found]&gt;.status_code">tests/chaos/test_chaos_engineering.py:196: in test_authentication_service_failure
    assert response.status_code in [500, 503, 502]
E   assert 404 in [500, 503, 502]
E    +  where 404 = &lt;Response [404 Not Found]&gt;.status_code</failure></testcase><testcase classname="chaos.test_chaos_engineering.TestChaosEngineering" name="test_circuit_breaker_pattern" time="0.005"><failure message="assert False&#10; +  where False = all(&lt;generator object TestChaosEngineering.test_circuit_breaker_pattern.&lt;locals&gt;.&lt;genexpr&gt; at 0x1077abf20&gt;)">tests/chaos/test_chaos_engineering.py:214: in test_circuit_breaker_pattern
    assert all(status in [500, 503, 502] for status in responses)
E   assert False
E    +  where False = all(&lt;generator object TestChaosEngineering.test_circuit_breaker_pattern.&lt;locals&gt;.&lt;genexpr&gt; at 0x1077abf20&gt;)</failure></testcase><testcase classname="chaos.test_chaos_engineering.TestLoadTesting" name="test_high_concurrency" time="0.047" /><testcase classname="chaos.test_chaos_engineering.TestLoadTesting" name="test_sustained_load" time="30.020" /><testcase classname="chaos.test_chaos_engineering.TestLoadTesting" name="test_memory_leak_under_load" time="1.804" /><testcase classname="chaos.test_chaos_engineering.TestRecoveryTesting" name="test_service_recovery_after_failure" time="0.001"><failure message="AttributeError: 'TestRecoveryTesting' object has no attribute 'test_user_id'">tests/chaos/test_chaos_engineering.py:320: in test_service_recovery_after_failure
    response = client.get(f"/api/analytics/dashboard?user_id={self.test_user_id}")
E   AttributeError: 'TestRecoveryTesting' object has no attribute 'test_user_id'</failure></testcase><testcase classname="chaos.test_chaos_engineering.TestRecoveryTesting" name="test_graceful_degradation" time="0.004"><failure message="assert 404 in [500, 503]&#10; +  where 404 = &lt;Response [404 Not Found]&gt;.status_code">tests/chaos/test_chaos_engineering.py:344: in test_graceful_degradation
    assert response.status_code in [500, 503]
E   assert 404 in [500, 503]
E    +  where 404 = &lt;Response [404 Not Found]&gt;.status_code</failure></testcase><testcase classname="chaos.test_chaos_engineering.TestRecoveryTesting" name="test_data_consistency_after_failure" time="0.001"><failure message="AttributeError: 'TestRecoveryTesting' object has no attribute 'test_user_id'">tests/chaos/test_chaos_engineering.py:362: in test_data_consistency_after_failure
    "user_id": self.test_user_id,
E   AttributeError: 'TestRecoveryTesting' object has no attribute 'test_user_id'</failure></testcase><testcase classname="chaos.test_chaos_engineering.TestMonitoringAndAlerting" name="test_error_logging" time="0.001"><failure message="AttributeError: 'TestMonitoringAndAlerting' object has no attribute 'test_user_id'">tests/chaos/test_chaos_engineering.py:383: in test_error_logging
    response = client.get(f"/api/analytics/dashboard?user_id={self.test_user_id}")
E   AttributeError: 'TestMonitoringAndAlerting' object has no attribute 'test_user_id'</failure></testcase><testcase classname="chaos.test_chaos_engineering.TestMonitoringAndAlerting" name="test_metrics_collection" time="1.086" /><testcase classname="chaos.test_chaos_engineering.TestMonitoringAndAlerting" name="test_alerting_thresholds" time="0.002"><failure message="AttributeError: 'TestMonitoringAndAlerting' object has no attribute 'test_user_id'">tests/chaos/test_chaos_engineering.py:410: in test_alerting_thresholds
    response = client.get(f"/api/analytics/dashboard?user_id={self.test_user_id}")
E   AttributeError: 'TestMonitoringAndAlerting' object has no attribute 'test_user_id'</failure></testcase><testcase classname="chaos.test_chaos_engineering.TestChaosMonkey" name="test_random_service_failures" time="0.017"><failure message="AttributeError: 'TestChaosMonkey' object has no attribute 'test_user_id'">tests/chaos/test_chaos_engineering.py:437: in test_random_service_failures
    response = client.get(f"/api/analytics/dashboard?user_id={self.test_user_id}")
E   AttributeError: 'TestChaosMonkey' object has no attribute 'test_user_id'</failure></testcase><testcase classname="chaos.test_chaos_engineering.TestChaosMonkey" name="test_latency_injection" time="0.004" /><testcase classname="chaos.test_chaos_engineering.TestChaosMonkey" name="test_resource_exhaustion" time="0.004" /><testcase classname="tdd_examples.test_tdd_workflow.TestEarningsAnalytics" name="test_calculate_monthly_earnings" time="0.001" /><testcase classname="tdd_examples.test_tdd_workflow.TestEarningsAnalytics" name="test_calculate_monthly_earnings_empty_data" time="0.000" /><testcase classname="tdd_examples.test_tdd_workflow.TestEarningsAnalytics" name="test_calculate_monthly_earnings_different_month" time="0.000" /><testcase classname="tdd_examples.test_tdd_workflow.TestEmailValidation" name="test_valid_email_format" time="0.001" /><testcase classname="tdd_examples.test_tdd_workflow.TestEmailValidation" name="test_invalid_email_format" time="0.001"><failure message="AssertionError: Email user..name@example.com   &#10;assert not True&#10; +  where True = is_valid_email('user..name@example.com')">tests/tdd_examples/test_tdd_workflow.py:131: in test_invalid_email_format
    assert not is_valid_email(email), f"Email {email}   "
E   AssertionError: Email user..name@example.com   
E   assert not True
E    +  where True = is_valid_email('user..name@example.com')</failure></testcase><testcase classname="tdd_examples.test_tdd_workflow.TestEmailValidation" name="test_email_with_special_characters" time="0.000" /><testcase classname="tdd_examples.test_tdd_workflow.TestEmailValidation" name="test_empty_or_none_email" time="0.000" /><testcase classname="tdd_examples.test_tdd_workflow.TestCacheSystem" name="test_cache_set_and_get" time="0.000" /><testcase classname="tdd_examples.test_tdd_workflow.TestCacheSystem" name="test_cache_get_nonexistent_key" time="0.000" /><testcase classname="tdd_examples.test_tdd_workflow.TestCacheSystem" name="test_cache_expiration" time="1.106" /><testcase classname="tdd_examples.test_tdd_workflow.TestCacheSystem" name="test_cache_update_existing_key" time="0.001" /><testcase classname="tdd_examples.test_tdd_workflow.TestCacheSystem" name="test_cache_clear" time="0.001" /><testcase classname="tdd_examples.test_tdd_workflow.TestProposalSorting" name="test_sort_proposals_by_budget" time="0.001" /><testcase classname="tdd_examples.test_tdd_workflow.TestProposalSorting" name="test_sort_proposals_by_date" time="0.001" /><testcase classname="tdd_examples.test_tdd_workflow.TestProposalSorting" name="test_sort_proposals_empty_list" time="0.001" /><testcase classname="tdd_examples.test_tdd_workflow.TestProposalSorting" name="test_sort_proposals_invalid_field" time="0.001" /><testcase classname="tdd_examples.test_tdd_workflow.TestProposalSorting" name="test_sort_proposals_invalid_order" time="0.001" /><testcase classname="tdd_examples.test_tdd_workflow.TestPerformanceAnalysis" name="test_calculate_success_rate" time="0.001" /><testcase classname="tdd_examples.test_tdd_workflow.TestPerformanceAnalysis" name="test_calculate_success_rate_zero_jobs" time="0.001" /><testcase classname="tdd_examples.test_tdd_workflow.TestPerformanceAnalysis" name="test_calculate_success_rate_perfect_performance" time="0.012" /></testsuite></testsuites>